[17:43:05] Trying to access invalid route: /post/1/2
[17:48:38] Trying to access invalid route: /post
[18:14:14] Trying to access invalid route: /post/1/2
[18:21:25] Trying to access invalid route: 
[18:21:38] Trying to access invalid route: /post/{id}
[18:21:47] Trying to access invalid route: /post/{id}
[18:22:05] Trying to access invalid route: /post/{id}
[18:22:32] Trying to access invalid route: /post/{id}
[18:22:32] Trying to access invalid route: /post/{id}
[18:22:33] Trying to access invalid route: /post/{id}
[18:22:33] Trying to access invalid route: /post/{id}
[18:22:38] Trying to access invalid route: /post/{id}
[18:31:02] Trying to access invalid route: /post/{id}
[18:31:03] Trying to access invalid route: /post/{id}
[18:33:18] Trying to access invalid route: /post/{id}
[18:34:22] Trying to access invalid route: /post/{id}
[18:34:25] Trying to access invalid route: /post/{id}
[18:35:21] Trying to access invalid route: /post/{id}
[18:35:29] Trying to access invalid route: /post/{id}
[18:39:17] Trying to access invalid route: /post/{id}
[18:41:47] Trying to access invalid route: /asd
[18:54:08] Trying to access invalid route: /blog?message=test
[19:03:44] Trying to access invalid route: /test
[19:03:49] Trying to access invalid route: /test
[19:33:00] Trying to access invalid route: /view
[19:36:38] Trying to access invalid route: /asd
[19:36:46] Trying to access invalid route: /src/Controller/TestController.php
[19:38:59] Trying to access invalid route: /src/Controller/TestController.php
[19:39:15] Trying to access invalid route: /src/Controller/TestController.php
[19:39:19] Trying to access invalid route: /test
[19:39:25] Trying to access invalid route: /test
[19:39:33] Trying to access invalid route: /test
[20:06:37] Trying to access invalid route: /public/css
[20:06:41] Trying to access invalid route: /public/css/app.css
[20:06:48] Trying to access invalid route: /css/app.css
[20:07:24] Trying to access invalid route: /css/app.css
[20:07:27] Trying to access invalid route: /css/app.css
[20:07:30] Trying to access invalid route: /css/app.css
[20:07:47] Trying to access invalid route: /public/css/app.css
[20:10:00] Trying to access invalid route: /css/app.css
[20:10:04] Trying to access invalid route: /css/app.css
[20:13:25] Trying to access invalid route: /public/css/app.css
[20:13:30] Trying to access invalid route: /public/css/app.css
[20:22:20] Trying to access invalid route: /assets/app.css
[20:23:30] Trying to access invalid route: /assets/app.css
[21:22:10] Trying to access invalid route: /public/css/app.css
[21:24:58] Trying to access invalid route: //test
[21:25:15] Trying to access invalid route: //test
[21:29:37] Trying to access invalid route: //test
[21:31:04] Trying to access invalid route: //test
[21:31:24] Trying to access invalid route: /assets/styles
[21:31:29] Trying to access invalid route: /assets/styles/app.css
[21:34:21] Trying to access invalid route: /assets/styles/app.css
[21:36:06] Trying to access invalid route: /assets/styles/app.css
[21:36:12] Trying to access invalid route: /assets/styles/app.css
[21:36:28] Trying to access invalid route: /assets/styles/app.css
[21:36:50] Trying to access invalid route: /assets/styles/app.css
[21:37:16] Trying to access invalid route: /assets/styles/app.css
[21:37:57] Trying to access invalid route: /assets/styles/app.css
[21:38:05] Trying to access invalid route: /assets/styles/app.css
[21:39:42] Trying to access invalid route: /assets/styles/app.css
[21:40:21] Trying to access invalid route: /assets/styles/app.css
[21:40:42] Trying to access invalid route: /assets/styles/app.css
[21:44:28] Trying to access invalid route: /assets/styles/app.css
[21:46:49] Trying to access invalid route: /assets/styles/app.css
[21:47:21] Trying to access invalid route: /assets/styles/app.css
[21:47:58] Trying to access invalid route: /assets/styles/app.css
[22:05:15] Trying to access invalid route: /body%20%7B%20%20%20%20background-color:%20gray;%7D
[22:06:31] Trying to access invalid route: /assets/styles/style2.css
[22:14:49] Trying to access invalid route: /assets/js/app.js
[22:17:20] Trying to access invalid route: /assets/js/app.js
[22:17:32] Trying to access invalid route: /assets/js/app.js
[22:43:49] Trying to access invalid route: /assets/styles/app2.css
